
  .   ____          _            __ _ _
 /\\ / ___'_ __ _ _(_)_ __  __ _ \ \ \ \
( ( )\___ | '_ | '_| | '_ \/ _` | \ \ \ \
 \\/  ___)| |_)| | | | | || (_| |  ) ) ) )
  '  |____| .__|_| |_|_| |_\__, | / / / /
 =========|_|==============|___/=/_/_/_/
 :: Spring Boot ::               (v2.7.12)

2023-06-16 03:37:32.968  INFO 31966 --- [           main] com.popit.popitproject.PopitApplication  : Starting PopitApplication using Java 11.0.19 on popit_server with PID 31966 (/home/ec2-user/app/step1/backend/backend/popit-0.0.1-SNAPSHOT.jar started by ec2-user in /home/ec2-user/app/step1/backend/backend)
2023-06-16 03:37:32.981  INFO 31966 --- [           main] com.popit.popitproject.PopitApplication  : No active profile set, falling back to 1 default profile: "default"
2023-06-16 03:37:35.912  INFO 31966 --- [           main] .s.d.r.c.RepositoryConfigurationDelegate : Bootstrapping Spring Data JPA repositories in DEFAULT mode.
2023-06-16 03:37:36.126  INFO 31966 --- [           main] .s.d.r.c.RepositoryConfigurationDelegate : Finished Spring Data repository scanning in 183 ms. Found 1 JPA repository interfaces.
2023-06-16 03:37:38.194  INFO 31966 --- [           main] o.s.b.w.embedded.tomcat.TomcatWebServer  : Tomcat initialized with port(s): 8082 (http)
2023-06-16 03:37:38.224  INFO 31966 --- [           main] o.apache.catalina.core.StandardService   : Starting service [Tomcat]
2023-06-16 03:37:38.224  INFO 31966 --- [           main] org.apache.catalina.core.StandardEngine  : Starting Servlet engine: [Apache Tomcat/9.0.75]
2023-06-16 03:37:38.469  INFO 31966 --- [           main] o.a.c.c.C.[Tomcat].[localhost].[/]       : Initializing Spring embedded WebApplicationContext
2023-06-16 03:37:38.470  INFO 31966 --- [           main] w.s.c.ServletWebServerApplicationContext : Root WebApplicationContext: initialization completed in 5356 ms
2023-06-16 03:37:39.558  INFO 31966 --- [           main] o.hibernate.jpa.internal.util.LogHelper  : HHH000204: Processing PersistenceUnitInfo [name: default]
2023-06-16 03:37:39.689  INFO 31966 --- [           main] org.hibernate.Version                    : HHH000412: Hibernate ORM core version 5.6.15.Final
2023-06-16 03:37:40.144  INFO 31966 --- [           main] o.hibernate.annotations.common.Version   : HCANN000001: Hibernate Commons Annotations {5.1.2.Final}
2023-06-16 03:37:40.408  INFO 31966 --- [           main] com.zaxxer.hikari.HikariDataSource       : HikariPool-1 - Starting...
2023-06-16 03:37:40.582  INFO 31966 --- [           main] com.zaxxer.hikari.HikariDataSource       : HikariPool-1 - Start completed.
2023-06-16 03:37:40.615  INFO 31966 --- [           main] org.hibernate.dialect.Dialect            : HHH000400: Using dialect: org.hibernate.dialect.MariaDBDialect
2023-06-16 03:37:41.907  INFO 31966 --- [           main] o.h.e.t.j.p.i.JtaPlatformInitiator       : HHH000490: Using JtaPlatform implementation: [org.hibernate.engine.transaction.jta.platform.internal.NoJtaPlatform]
2023-06-16 03:37:41.925  INFO 31966 --- [           main] j.LocalContainerEntityManagerFactoryBean : Initialized JPA EntityManagerFactory for persistence unit 'default'
2023-06-16 03:37:44.746  INFO 31966 --- [           main] o.s.b.w.embedded.tomcat.TomcatWebServer  : Tomcat started on port(s): 8082 (http) with context path ''
2023-06-16 03:37:45.301  INFO 31966 --- [           main] com.popit.popitproject.PopitApplication  : Started PopitApplication in 13.821 seconds (JVM running for 15.158)
2023-06-16 03:37:53.514  INFO 31966 --- [nio-8082-exec-1] o.a.c.c.C.[Tomcat].[localhost].[/]       : Initializing Spring DispatcherServlet 'dispatcherServlet'
2023-06-16 03:37:53.514  INFO 31966 --- [nio-8082-exec-1] o.s.web.servlet.DispatcherServlet        : Initializing Servlet 'dispatcherServlet'
2023-06-16 03:37:53.516  INFO 31966 --- [nio-8082-exec-1] o.s.web.servlet.DispatcherServlet        : Completed initialization in 2 ms
